Using pre-set license
Built from '2020.3/staging' branch; Version is '2020.3.13f1 (71691879b7f5) revision 7432472'; Using compiler version '192528614'; Build Type 'Release'
OS: 'Windows 10 Home; OS build 19041.1110; Version 2004; 64bit' Language: 'en' Physical Memory: 16292 MB
BatchMode: 1, IsHumanControllingUs: 0, StartBugReporterOnCrash: 0, Is64bit: 1, IsPro: 0

 COMMAND LINE ARGUMENTS:
C:\Program Files\Unity\Hub\Editor\2020.3.13f1\Editor\Unity.exe
-adb2
-batchMode
-noUpm
-name
AssetImportWorker0
-projectPath
C:/Users/Roi/Desktop/projects/Unity/Unity-Mid-Project/Unity Mid Project
-logFile
Logs/AssetImportWorker0.log
-srvPort
50378
Successfully changed project path to: C:/Users/Roi/Desktop/projects/Unity/Unity-Mid-Project/Unity Mid Project
C:/Users/Roi/Desktop/projects/Unity/Unity-Mid-Project/Unity Mid Project
Using Asset Import Pipeline V2.
Refreshing native plugins compatible for Editor in 47.68 ms, found 2 plugins.
Preloading 0 native plugins for Editor in 0.00 ms.
Initialize engine version: 2020.3.13f1 (71691879b7f5)
[Subsystems] Discovering subsystems at path C:/Program Files/Unity/Hub/Editor/2020.3.13f1/Editor/Data/Resources/UnitySubsystems
[Subsystems] Discovering subsystems at path C:/Users/Roi/Desktop/projects/Unity/Unity-Mid-Project/Unity Mid Project/Assets
GfxDevice: creating device client; threaded=0
Direct3D:
    Version:  Direct3D 11.0 [level 11.0]
    Renderer: NVIDIA GeForce GT 750M (ID=0xfe9)
    Vendor:   
    VRAM:     2018 MB
    Driver:   22.21.13.8205
Initialize mono
Mono path[0] = 'C:/Program Files/Unity/Hub/Editor/2020.3.13f1/Editor/Data/Managed'
Mono path[1] = 'C:/Program Files/Unity/Hub/Editor/2020.3.13f1/Editor/Data/MonoBleedingEdge/lib/mono/unityjit'
Mono config path = 'C:/Program Files/Unity/Hub/Editor/2020.3.13f1/Editor/Data/MonoBleedingEdge/etc'
Using monoOptions --debugger-agent=transport=dt_socket,embedding=1,server=y,suspend=n,address=127.0.0.1:56080
Begin MonoManager ReloadAssembly
Registering precompiled unity dll's ...
Register platform support module: C:/Program Files/Unity/Hub/Editor/2020.3.13f1/Editor/Data/PlaybackEngines/WindowsStandaloneSupport/UnityEditor.WindowsStandalone.Extensions.dll
Registered in 0.002289 seconds.
Native extension for WindowsStandalone target not found
Refreshing native plugins compatible for Editor in 31.06 ms, found 2 plugins.
Preloading 0 native plugins for Editor in 0.00 ms.
Mono: successfully reloaded assembly
- Completed reload, in  2.106 seconds
Platform modules already initialized, skipping
Registering precompiled user dll's ...
Registered in 0.004213 seconds.
Begin MonoManager ReloadAssembly
Native extension for WindowsStandalone target not found
Refreshing native plugins compatible for Editor in 0.38 ms, found 2 plugins.
Preloading 0 native plugins for Editor in 0.00 ms.
Mono: successfully reloaded assembly
- Completed reload, in  1.134 seconds
Platform modules already initialized, skipping
========================================================================
Worker process is ready to serve import requests
Launched and connected shader compiler UnityShaderCompiler.exe after 0.06 seconds
Refreshing native plugins compatible for Editor in 0.48 ms, found 2 plugins.
Preloading 0 native plugins for Editor in 0.00 ms.
Unloading 1401 Unused Serialized files (Serialized files now loaded: 0)
System memory in use before: 78.4 MB.
System memory in use after: 78.5 MB.

Unloading 18 unused Assets to reduce memory usage. Loaded Objects now: 1853.
Total: 3.395500 ms (FindLiveObjects: 0.213300 ms CreateObjectMapping: 0.103600 ms MarkObjects: 2.970100 ms  DeleteObjects: 0.107800 ms)

AssetImportParameters requested are different than current active one (requested -> active):
  custom:framework-win-MediaFoundation: 216162199b28c13a410421893ffa2e32 -> 
  custom:video-decoder-ogg-theora: a1e56fd34408186e4bbccfd4996cb3dc -> 
  custom:container-muxer-webm: aa71ff27fc2769a1b78a27578f13a17b -> 
  custom:container-demuxer-webm: 4f35f7cbe854078d1ac9338744f61a02 -> 
  custom:container-demuxer-ogg: 62fdf1f143b41e24485cea50d1cbac27 -> 
  custom:video-encoder-webm-vp8: eb34c28f22e8b96e1ab97ce403110664 -> 
  custom:video-decoder-webm-vp8: 9c59270c3fd7afecdb556c50c9e8de78 -> 
  custom:audio-decoder-ogg-vorbis: bf7c407c2cedff20999df2af8eb42d56 -> 
  custom:audio-encoder-webm-vorbis: bf7c407c2cedff20999df2af8eb42d56 -> 
========================================================================
Received Import Request.
  path: Assets/System Of A Down - Chop Suey! (Official Video).mp3
  artifactKey: Guid(32368b4cceaa1ad4fbd17b363b43c746) Importer(815301076,1909f56bfc062723c751e8b465ee728b)
Start importing Assets/System Of A Down - Chop Suey! (Official Video).mp3 using Guid(32368b4cceaa1ad4fbd17b363b43c746) Importer(815301076,1909f56bfc062723c751e8b465ee728b)  -> (artifact id: '4004b610f68a09a9d9ddc5f8edae8ec6') in 0.097296 seconds 
  Import took 0.101162 seconds .

========================================================================
Received Import Request.
  Time since last request: 0.000249 seconds.
  path: Assets/Scrape Sound.mp3
  artifactKey: Guid(8fd665f17df92e24fa13c64fea8b0317) Importer(815301076,1909f56bfc062723c751e8b465ee728b)
Start importing Assets/Scrape Sound.mp3 using Guid(8fd665f17df92e24fa13c64fea8b0317) Importer(815301076,1909f56bfc062723c751e8b465ee728b)  -> (artifact id: '8db8cb42b2af1fb0a6f1ec9bd413958a') in 0.013584 seconds 
  Import took 0.016535 seconds .

========================================================================
Received Import Request.
  Time since last request: 0.000192 seconds.
  path: Assets/Sparks.prefab
  artifactKey: Guid(eab6aac9f80c19d489b886851535a4c8) Importer(815301076,1909f56bfc062723c751e8b465ee728b)
Start importing Assets/Sparks.prefab using Guid(eab6aac9f80c19d489b886851535a4c8) Importer(815301076,1909f56bfc062723c751e8b465ee728b)  -> (artifact id: 'a455e0ef2cbd221f7cd21bb5ababab46') in 0.020280 seconds 
  Import took 0.023238 seconds .

========================================================================
Received Import Request.
  Time since last request: 30.819370 seconds.
  path: Assets/New Lighting Settings.lighting
  artifactKey: Guid(ca1af92eaaa9aab42acd4024f4692645) Importer(815301076,1909f56bfc062723c751e8b465ee728b)
Start importing Assets/New Lighting Settings.lighting using Guid(ca1af92eaaa9aab42acd4024f4692645) Importer(815301076,1909f56bfc062723c751e8b465ee728b)  -> (artifact id: '85bd95d47da1cfa6a5fa2bdbb1ccf751') in 0.007722 seconds 
  Import took 0.010758 seconds .

========================================================================
Received Import Request.
  Time since last request: 10.103842 seconds.
  path: Assets/New Lighting Settings.lighting
  artifactKey: Guid(ca1af92eaaa9aab42acd4024f4692645) Importer(815301076,1909f56bfc062723c751e8b465ee728b)
Start importing Assets/New Lighting Settings.lighting using Guid(ca1af92eaaa9aab42acd4024f4692645) Importer(815301076,1909f56bfc062723c751e8b465ee728b)  -> (artifact id: '8337d9a81640a79d0ea8e2ac46563a4b') in 0.003707 seconds 
  Import took 0.007213 seconds .

========================================================================
Received Prepare
Registering precompiled user dll's ...
Registered in 0.004102 seconds.
Begin MonoManager ReloadAssembly
Native extension for WindowsStandalone target not found
Refreshing native plugins compatible for Editor in 0.37 ms, found 2 plugins.
Preloading 0 native plugins for Editor in 0.00 ms.
Mono: successfully reloaded assembly
- Completed reload, in  1.066 seconds
Platform modules already initialized, skipping
Refreshing native plugins compatible for Editor in 0.40 ms, found 2 plugins.
Preloading 0 native plugins for Editor in 0.00 ms.
Unloading 1396 Unused Serialized files (Serialized files now loaded: 0)
System memory in use before: 81.5 MB.
System memory in use after: 81.6 MB.

Unloading 14 unused Assets to reduce memory usage. Loaded Objects now: 1865.
Total: 2.251400 ms (FindLiveObjects: 0.142900 ms CreateObjectMapping: 0.067500 ms MarkObjects: 1.958800 ms  DeleteObjects: 0.081300 ms)

AssetImportParameters requested are different than current active one (requested -> active):
  custom:framework-win-MediaFoundation: 216162199b28c13a410421893ffa2e32 -> 
  custom:video-decoder-ogg-theora: a1e56fd34408186e4bbccfd4996cb3dc -> 
  custom:container-muxer-webm: aa71ff27fc2769a1b78a27578f13a17b -> 
  custom:container-demuxer-webm: 4f35f7cbe854078d1ac9338744f61a02 -> 
  custom:container-demuxer-ogg: 62fdf1f143b41e24485cea50d1cbac27 -> 
  custom:video-encoder-webm-vp8: eb34c28f22e8b96e1ab97ce403110664 -> 
  custom:video-decoder-webm-vp8: 9c59270c3fd7afecdb556c50c9e8de78 -> 
  custom:audio-decoder-ogg-vorbis: bf7c407c2cedff20999df2af8eb42d56 -> 
  custom:audio-encoder-webm-vorbis: bf7c407c2cedff20999df2af8eb42d56 -> 
AssetImportWorkerClient::OnTransportError - code=2 error=End of file
